[0.011s] Invoking command in '/home/ichiro/ros2_workspace/src/ninshiki_cpp/build/ninshiki_cpp': CMAKE_PREFIX_PATH=/opt/ros/foxy /usr/bin/cmake /home/ichiro/ros2_workspace/src/ninshiki_cpp -DCMAKE_INSTALL_PREFIX=/home/ichiro/ros2_workspace/src/ninshiki_cpp/install/ninshiki_cpp
[0.060s] -- The C compiler identification is GNU 9.4.0
[0.107s] -- The CXX compiler identification is GNU 9.4.0
[0.111s] -- Check for working C compiler: /usr/bin/cc
[0.170s] -- Check for working C compiler: /usr/bin/cc -- works
[0.170s] -- Detecting C compiler ABI info
[0.231s] -- Detecting C compiler ABI info - done
[0.244s] -- Detecting C compile features
[0.244s] -- Detecting C compile features - done
[0.247s] -- Check for working CXX compiler: /usr/bin/c++
[0.317s] -- Check for working CXX compiler: /usr/bin/c++ -- works
[0.317s] -- Detecting CXX compiler ABI info
[0.388s] -- Detecting CXX compiler ABI info - done
[0.401s] -- Detecting CXX compile features
[0.401s] -- Detecting CXX compile features - done
[0.403s] -- Found ament_cmake: 0.9.9 (/opt/ros/foxy/share/ament_cmake/cmake)
[0.424s] -- Found PythonInterp: /usr/bin/python3 (found suitable version "3.8.10", minimum required is "3") 
[0.424s] -- Using PYTHON_EXECUTABLE: /usr/bin/python3
[0.607s] CMake Error at CMakeLists.txt:17 (find_package):
[0.607s]   By not providing "Findkeisan.cmake" in CMAKE_MODULE_PATH this project has
[0.607s]   asked CMake to find a package configuration file provided by "keisan", but
[0.607s]   CMake did not find one.
[0.607s] 
[0.607s]   Could not find a package configuration file provided by "keisan" with any
[0.607s]   of the following names:
[0.607s] 
[0.607s]     keisanConfig.cmake
[0.607s]     keisan-config.cmake
[0.607s] 
[0.607s]   Add the installation prefix of "keisan" to CMAKE_PREFIX_PATH or set
[0.607s]   "keisan_DIR" to a directory containing one of the above files.  If "keisan"
[0.607s]   provides a separate development package or SDK, be sure it has been
[0.608s]   installed.
[0.608s] 
[0.608s] 
[0.608s] -- Configuring incomplete, errors occurred!
[0.608s] See also "/home/ichiro/ros2_workspace/src/ninshiki_cpp/build/ninshiki_cpp/CMakeFiles/CMakeOutput.log".
[0.611s] Invoked command in '/home/ichiro/ros2_workspace/src/ninshiki_cpp/build/ninshiki_cpp' returned '1': CMAKE_PREFIX_PATH=/opt/ros/foxy /usr/bin/cmake /home/ichiro/ros2_workspace/src/ninshiki_cpp -DCMAKE_INSTALL_PREFIX=/home/ichiro/ros2_workspace/src/ninshiki_cpp/install/ninshiki_cpp
